d:\personal-study\c++\with_vs\helloworld\helloworld\debug\vc141.pdb
d:\personal-study\c++\with_vs\helloworld\helloworld\debug\vc141.idb
d:\personal-study\c++\with_vs\helloworld\helloworld\debug\helloworld.obj
d:\personal-study\c++\with_vs\helloworld\helloworld\debug\helloworldc.obj
d:\personal-study\c++\with_vs\helloworld\debug\helloworld.ilk
d:\personal-study\c++\with_vs\helloworld\debug\helloworld.exe
d:\personal-study\c++\with_vs\helloworld\debug\helloworld.pdb
d:\personal-study\c++\with_vs\helloworld\helloworld\debug\helloworld.tlog\cl.command.1.tlog
d:\personal-study\c++\with_vs\helloworld\helloworld\debug\helloworld.tlog\cl.read.1.tlog
d:\personal-study\c++\with_vs\helloworld\helloworld\debug\helloworld.tlog\cl.write.1.tlog
d:\personal-study\c++\with_vs\helloworld\helloworld\debug\helloworld.tlog\link-cvtres.read.1.tlog
d:\personal-study\c++\with_vs\helloworld\helloworld\debug\helloworld.tlog\link-cvtres.write.1.tlog
d:\personal-study\c++\with_vs\helloworld\helloworld\debug\helloworld.tlog\link-rc.read.1.tlog
d:\personal-study\c++\with_vs\helloworld\helloworld\debug\helloworld.tlog\link-rc.write.1.tlog
d:\personal-study\c++\with_vs\helloworld\helloworld\debug\helloworld.tlog\link.14236-cvtres.read.1.tlog
d:\personal-study\c++\with_vs\helloworld\helloworld\debug\helloworld.tlog\link.14236-cvtres.write.1.tlog
d:\personal-study\c++\with_vs\helloworld\helloworld\debug\helloworld.tlog\link.14236-rc.read.1.tlog
d:\personal-study\c++\with_vs\helloworld\helloworld\debug\helloworld.tlog\link.14236-rc.write.1.tlog
d:\personal-study\c++\with_vs\helloworld\helloworld\debug\helloworld.tlog\link.14236.read.1.tlog
d:\personal-study\c++\with_vs\helloworld\helloworld\debug\helloworld.tlog\link.14236.write.1.tlog
d:\personal-study\c++\with_vs\helloworld\helloworld\debug\helloworld.tlog\link.command.1.tlog
d:\personal-study\c++\with_vs\helloworld\helloworld\debug\helloworld.tlog\link.read.1.tlog
d:\personal-study\c++\with_vs\helloworld\helloworld\debug\helloworld.tlog\link.write.1.tlog
